Analysis & Elaboration report for Ejer3
Tue Aug 22 19:25:54 2023
Quartus Prime Version 22.1std.1 Build 917 02/14/2023 SC Lite Edition


---------------------
; Table of Contents ;
---------------------
  1. Legal Notice
  2. Analysis & Elaboration Summary
  3. Parallel Compilation
  4. Parameter Settings for User Entity Instance: Top-level Entity: |regressiveCounter
  5. Parameter Settings for User Entity Instance: regressiveCounterLogic:counter_logic
  6. Analysis & Elaboration Settings
  7. Analysis & Elaboration Messages



----------------
; Legal Notice ;
----------------
Copyright (C) 2023  Intel Corporation. All rights reserved.
Your use of Intel Corporation's design tools, logic functions 
and other software and tools, and any partner logic 
functions, and any output files from any of the foregoing 
(including device programming or simulation files), and any 
associated documentation or information are expressly subject 
to the terms and conditions of the Intel Program License 
Subscription Agreement, the Intel Quartus Prime License Agreement,
the Intel FPGA IP License Agreement, or other applicable license
agreement, including, without limitation, that your use is for
the sole purpose of programming logic devices manufactured by
Intel and sold by Intel or its authorized distributors.  Please
refer to the applicable agreement for further details, at
https://fpgasoftware.intel.com/eula.



+--------------------------------------------------------------------------------+
; Analysis & Elaboration Summary                                                 ;
+-------------------------------+------------------------------------------------+
; Analysis & Elaboration Status ; Successful - Tue Aug 22 19:25:54 2023          ;
; Quartus Prime Version         ; 22.1std.1 Build 917 02/14/2023 SC Lite Edition ;
; Revision Name                 ; Ejer3                                          ;
; Top-level Entity Name         ; regressiveCounter                              ;
; Family                        ; Cyclone V                                      ;
; Logic utilization (in ALMs)   ; N/A until Partition Merge                      ;
; Total registers               ; N/A until Partition Merge                      ;
; Total pins                    ; N/A until Partition Merge                      ;
; Total virtual pins            ; N/A until Partition Merge                      ;
; Total block memory bits       ; N/A until Partition Merge                      ;
; Total PLLs                    ; N/A until Partition Merge                      ;
; Total DLLs                    ; N/A until Partition Merge                      ;
+-------------------------------+------------------------------------------------+


+------------------------------------------+
; Parallel Compilation                     ;
+----------------------------+-------------+
; Processors                 ; Number      ;
+----------------------------+-------------+
; Number detected on machine ; 8           ;
; Maximum allowed            ; 4           ;
;                            ;             ;
; Average used               ; 1.00        ;
; Maximum used               ; 1           ;
;                            ;             ;
; Usage by Processor         ; % Time Used ;
;     Processor 1            ; 100.0%      ;
+----------------------------+-------------+


+-----------------------------------------------------------------------------------+
; Parameter Settings for User Entity Instance: Top-level Entity: |regressiveCounter ;
+----------------+-------+----------------------------------------------------------+
; Parameter Name ; Value ; Type                                                     ;
+----------------+-------+----------------------------------------------------------+
; N              ; 6     ; Signed Integer                                           ;
+----------------+-------+----------------------------------------------------------+
Note: In order to hide this table in the UI and the text report file, please set the "Show Parameter Settings in Synthesis Report" option in "Analysis and Synthesis Settings -> More Settings" to "Off".


+-----------------------------------------------------------------------------------+
; Parameter Settings for User Entity Instance: regressiveCounterLogic:counter_logic ;
+----------------+-------+----------------------------------------------------------+
; Parameter Name ; Value ; Type                                                     ;
+----------------+-------+----------------------------------------------------------+
; N              ; 6     ; Signed Integer                                           ;
+----------------+-------+----------------------------------------------------------+
Note: In order to hide this table in the UI and the text report file, please set the "Show Parameter Settings in Synthesis Report" option in "Analysis and Synthesis Settings -> More Settings" to "Off".


+---------------------------------------------------------------------------------------------------------------------------+
; Analysis & Elaboration Settings                                                                                           ;
+---------------------------------------------------------------------------------+--------------------+--------------------+
; Option                                                                          ; Setting            ; Default Value      ;
+---------------------------------------------------------------------------------+--------------------+--------------------+
; Device                                                                          ; 5CSEMA5F31C6       ;                    ;
; Top-level entity name                                                           ; regressiveCounter  ; Ejer3              ;
; Family name                                                                     ; Cyclone V          ; Cyclone V          ;
; Use smart compilation                                                           ; Off                ; Off                ;
; Enable parallel Assembler and Timing Analyzer during compilation                ; On                 ; On                 ;
; Enable compact report table                                                     ; Off                ; Off                ;
; Restructure Multiplexers                                                        ; Auto               ; Auto               ;
; MLAB Add Timing Constraints For Mixed-Port Feed-Through Mode Setting Don't Care ; Off                ; Off                ;
; Create Debugging Nodes for IP Cores                                             ; Off                ; Off                ;
; Preserve fewer node names                                                       ; On                 ; On                 ;
; Intel FPGA IP Evaluation Mode                                                   ; Enable             ; Enable             ;
; Verilog Version                                                                 ; Verilog_2001       ; Verilog_2001       ;
; VHDL Version                                                                    ; VHDL_1993          ; VHDL_1993          ;
; State Machine Processing                                                        ; Auto               ; Auto               ;
; Safe State Machine                                                              ; Off                ; Off                ;
; Extract Verilog State Machines                                                  ; On                 ; On                 ;
; Extract VHDL State Machines                                                     ; On                 ; On                 ;
; Ignore Verilog initial constructs                                               ; Off                ; Off                ;
; Iteration limit for constant Verilog loops                                      ; 5000               ; 5000               ;
; Iteration limit for non-constant Verilog loops                                  ; 250                ; 250                ;
; Add Pass-Through Logic to Inferred RAMs                                         ; On                 ; On                 ;
; Infer RAMs from Raw Logic                                                       ; On                 ; On                 ;
; Parallel Synthesis                                                              ; On                 ; On                 ;
; DSP Block Balancing                                                             ; Auto               ; Auto               ;
; NOT Gate Push-Back                                                              ; On                 ; On                 ;
; Power-Up Don't Care                                                             ; On                 ; On                 ;
; Remove Redundant Logic Cells                                                    ; Off                ; Off                ;
; Remove Duplicate Registers                                                      ; On                 ; On                 ;
; Ignore CARRY Buffers                                                            ; Off                ; Off                ;
; Ignore CASCADE Buffers                                                          ; Off                ; Off                ;
; Ignore GLOBAL Buffers                                                           ; Off                ; Off                ;
; Ignore ROW GLOBAL Buffers                                                       ; Off                ; Off                ;
; Ignore LCELL Buffers                                                            ; Off                ; Off                ;
; Ignore SOFT Buffers                                                             ; On                 ; On                 ;
; Limit AHDL Integers to 32 Bits                                                  ; Off                ; Off                ;
; Optimization Technique                                                          ; Balanced           ; Balanced           ;
; Carry Chain Length                                                              ; 70                 ; 70                 ;
; Auto Carry Chains                                                               ; On                 ; On                 ;
; Auto Open-Drain Pins                                                            ; On                 ; On                 ;
; Perform WYSIWYG Primitive Resynthesis                                           ; Off                ; Off                ;
; Auto ROM Replacement                                                            ; On                 ; On                 ;
; Auto RAM Replacement                                                            ; On                 ; On                 ;
; Auto DSP Block Replacement                                                      ; On                 ; On                 ;
; Auto Shift Register Replacement                                                 ; Auto               ; Auto               ;
; Allow Shift Register Merging across Hierarchies                                 ; Auto               ; Auto               ;
; Auto Clock Enable Replacement                                                   ; On                 ; On                 ;
; Strict RAM Replacement                                                          ; Off                ; Off                ;
; Allow Synchronous Control Signals                                               ; On                 ; On                 ;
; Force Use of Synchronous Clear Signals                                          ; Off                ; Off                ;
; Auto Resource Sharing                                                           ; Off                ; Off                ;
; Allow Any RAM Size For Recognition                                              ; Off                ; Off                ;
; Allow Any ROM Size For Recognition                                              ; Off                ; Off                ;
; Allow Any Shift Register Size For Recognition                                   ; Off                ; Off                ;
; Use LogicLock Constraints during Resource Balancing                             ; On                 ; On                 ;
; Ignore translate_off and synthesis_off directives                               ; Off                ; Off                ;
; Timing-Driven Synthesis                                                         ; On                 ; On                 ;
; Report Parameter Settings                                                       ; On                 ; On                 ;
; Report Source Assignments                                                       ; On                 ; On                 ;
; Report Connectivity Checks                                                      ; On                 ; On                 ;
; Ignore Maximum Fan-Out Assignments                                              ; Off                ; Off                ;
; Synchronization Register Chain Length                                           ; 3                  ; 3                  ;
; Power Optimization During Synthesis                                             ; Normal compilation ; Normal compilation ;
; HDL message level                                                               ; Level2             ; Level2             ;
; Suppress Register Optimization Related Messages                                 ; Off                ; Off                ;
; Number of Removed Registers Reported in Synthesis Report                        ; 5000               ; 5000               ;
; Number of Swept Nodes Reported in Synthesis Report                              ; 5000               ; 5000               ;
; Number of Inverted Registers Reported in Synthesis Report                       ; 100                ; 100                ;
; Clock MUX Protection                                                            ; On                 ; On                 ;
; Auto Gated Clock Conversion                                                     ; Off                ; Off                ;
; Block Design Naming                                                             ; Auto               ; Auto               ;
; SDC constraint protection                                                       ; Off                ; Off                ;
; Synthesis Effort                                                                ; Auto               ; Auto               ;
; Shift Register Replacement - Allow Asynchronous Clear Signal                    ; On                 ; On                 ;
; Pre-Mapping Resynthesis Optimization                                            ; Off                ; Off                ;
; Analysis & Synthesis Message Level                                              ; Medium             ; Medium             ;
; Disable Register Merging Across Hierarchies                                     ; Auto               ; Auto               ;
; Resource Aware Inference For Block RAM                                          ; On                 ; On                 ;
; Automatic Parallel Synthesis                                                    ; On                 ; On                 ;
; Partial Reconfiguration Bitstream ID                                            ; Off                ; Off                ;
+---------------------------------------------------------------------------------+--------------------+--------------------+


+---------------------------------+
; Analysis & Elaboration Messages ;
+---------------------------------+
Info: *******************************************************************
Info: Running Quartus Prime Analysis & Elaboration
    Info: Version 22.1std.1 Build 917 02/14/2023 SC Lite Edition
    Info: Processing started: Tue Aug 22 19:25:47 2023
Info: Command: quartus_map --read_settings_files=on --write_settings_files=off Ejer3 -c Ejer3 --analysis_and_elaboration
Warning (18236): Number of processors has not been specified which may cause overloading on shared machines.  Set the global assignment NUM_PARALLEL_PROCESSORS in your QSF to an appropriate value for best performance.
Info (20030): Parallel compilation is enabled and will use 4 of the 4 processors detected
Info (12021): Found 4 design units, including 4 entities, in source file regressivecounter.sv
    Info (12023): Found entity 1: regressiveCounter File: C:/Users/erick/Documents/TEC/2023-IISemestre/TallerDigitales/Laboratorios/2/ebarrantes_digital_design_lab_2023/Ejercicio3/regressiveCounter.sv Line: 1
    Info (12023): Found entity 2: regressiveCounterLogic File: C:/Users/erick/Documents/TEC/2023-IISemestre/TallerDigitales/Laboratorios/2/ebarrantes_digital_design_lab_2023/Ejercicio3/regressiveCounter.sv Line: 41
    Info (12023): Found entity 3: binaryToBCD File: C:/Users/erick/Documents/TEC/2023-IISemestre/TallerDigitales/Laboratorios/2/ebarrantes_digital_design_lab_2023/Ejercicio3/regressiveCounter.sv Line: 63
    Info (12023): Found entity 4: sevenSegmentsDeco File: C:/Users/erick/Documents/TEC/2023-IISemestre/TallerDigitales/Laboratorios/2/ebarrantes_digital_design_lab_2023/Ejercicio3/regressiveCounter.sv Line: 82
Info (12021): Found 1 design units, including 1 entities, in source file regressivecounter2bit_tb.sv
    Info (12023): Found entity 1: regressiveCounter2bit_tb File: C:/Users/erick/Documents/TEC/2023-IISemestre/TallerDigitales/Laboratorios/2/ebarrantes_digital_design_lab_2023/Ejercicio3/regressiveCounter2bit_tb.sv Line: 1
Info (12021): Found 1 design units, including 1 entities, in source file regressivecounter4bit_tb.sv
    Info (12023): Found entity 1: regressiveCounter4bit_tb File: C:/Users/erick/Documents/TEC/2023-IISemestre/TallerDigitales/Laboratorios/2/ebarrantes_digital_design_lab_2023/Ejercicio3/regressiveCounter4bit_tb.sv Line: 1
Info (12021): Found 1 design units, including 1 entities, in source file regressivecounter6bit_tb.sv
    Info (12023): Found entity 1: regressiveCounter6bit_tb File: C:/Users/erick/Documents/TEC/2023-IISemestre/TallerDigitales/Laboratorios/2/ebarrantes_digital_design_lab_2023/Ejercicio3/regressiveCounter6bit_tb.sv Line: 1
Info (12021): Found 0 design units, including 0 entities, in source file sevensegmentslogic.sv
Info (12021): Found 1 design units, including 1 entities, in source file sevensegmentslogic_tb.sv
    Info (12023): Found entity 1: sevenSegmentsLogic_tb File: C:/Users/erick/Documents/TEC/2023-IISemestre/TallerDigitales/Laboratorios/2/ebarrantes_digital_design_lab_2023/Ejercicio3/sevenSegmentsLogic_tb.sv Line: 1
Info (12021): Found 1 design units, including 1 entities, in source file regressivecounter7segments_tb.sv
    Info (12023): Found entity 1: regressiveCounter7Segments_tb File: C:/Users/erick/Documents/TEC/2023-IISemestre/TallerDigitales/Laboratorios/2/ebarrantes_digital_design_lab_2023/Ejercicio3/regressiveCounter7Segments_tb.sv Line: 1
Info (12127): Elaborating entity "regressiveCounter" for the top level hierarchy
Info (12128): Elaborating entity "regressiveCounterLogic" for hierarchy "regressiveCounterLogic:counter_logic" File: C:/Users/erick/Documents/TEC/2023-IISemestre/TallerDigitales/Laboratorios/2/ebarrantes_digital_design_lab_2023/Ejercicio3/regressiveCounter.sv Line: 17
Warning (10230): Verilog HDL assignment warning at regressiveCounter.sv(56): truncated value with size 32 to match size of target (6) File: C:/Users/erick/Documents/TEC/2023-IISemestre/TallerDigitales/Laboratorios/2/ebarrantes_digital_design_lab_2023/Ejercicio3/regressiveCounter.sv Line: 56
Info (12128): Elaborating entity "binaryToBCD" for hierarchy "binaryToBCD:bcd_converter" File: C:/Users/erick/Documents/TEC/2023-IISemestre/TallerDigitales/Laboratorios/2/ebarrantes_digital_design_lab_2023/Ejercicio3/regressiveCounter.sv Line: 22
Warning (10230): Verilog HDL assignment warning at regressiveCounter.sv(73): truncated value with size 32 to match size of target (4) File: C:/Users/erick/Documents/TEC/2023-IISemestre/TallerDigitales/Laboratorios/2/ebarrantes_digital_design_lab_2023/Ejercicio3/regressiveCounter.sv Line: 73
Info (12128): Elaborating entity "sevenSegmentsDeco" for hierarchy "sevenSegmentsDeco:segment_display1" File: C:/Users/erick/Documents/TEC/2023-IISemestre/TallerDigitales/Laboratorios/2/ebarrantes_digital_design_lab_2023/Ejercicio3/regressiveCounter.sv Line: 27
Warning (10270): Verilog HDL Case Statement warning at regressiveCounter.sv(88): incomplete case statement has no default case item File: C:/Users/erick/Documents/TEC/2023-IISemestre/TallerDigitales/Laboratorios/2/ebarrantes_digital_design_lab_2023/Ejercicio3/regressiveCounter.sv Line: 88
Warning (10240): Verilog HDL Always Construct warning at regressiveCounter.sv(87): inferring latch(es) for variable "display", which holds its previous value in one or more paths through the always construct File: C:/Users/erick/Documents/TEC/2023-IISemestre/TallerDigitales/Laboratorios/2/ebarrantes_digital_design_lab_2023/Ejercicio3/regressiveCounter.sv Line: 87
Info (10041): Inferred latch for "display[0]" at regressiveCounter.sv(87) File: C:/Users/erick/Documents/TEC/2023-IISemestre/TallerDigitales/Laboratorios/2/ebarrantes_digital_design_lab_2023/Ejercicio3/regressiveCounter.sv Line: 87
Info (10041): Inferred latch for "display[1]" at regressiveCounter.sv(87) File: C:/Users/erick/Documents/TEC/2023-IISemestre/TallerDigitales/Laboratorios/2/ebarrantes_digital_design_lab_2023/Ejercicio3/regressiveCounter.sv Line: 87
Info (10041): Inferred latch for "display[2]" at regressiveCounter.sv(87) File: C:/Users/erick/Documents/TEC/2023-IISemestre/TallerDigitales/Laboratorios/2/ebarrantes_digital_design_lab_2023/Ejercicio3/regressiveCounter.sv Line: 87
Info (10041): Inferred latch for "display[3]" at regressiveCounter.sv(87) File: C:/Users/erick/Documents/TEC/2023-IISemestre/TallerDigitales/Laboratorios/2/ebarrantes_digital_design_lab_2023/Ejercicio3/regressiveCounter.sv Line: 87
Info (10041): Inferred latch for "display[4]" at regressiveCounter.sv(87) File: C:/Users/erick/Documents/TEC/2023-IISemestre/TallerDigitales/Laboratorios/2/ebarrantes_digital_design_lab_2023/Ejercicio3/regressiveCounter.sv Line: 87
Info (10041): Inferred latch for "display[5]" at regressiveCounter.sv(87) File: C:/Users/erick/Documents/TEC/2023-IISemestre/TallerDigitales/Laboratorios/2/ebarrantes_digital_design_lab_2023/Ejercicio3/regressiveCounter.sv Line: 87
Info (10041): Inferred latch for "display[6]" at regressiveCounter.sv(87) File: C:/Users/erick/Documents/TEC/2023-IISemestre/TallerDigitales/Laboratorios/2/ebarrantes_digital_design_lab_2023/Ejercicio3/regressiveCounter.sv Line: 87
Info: Quartus Prime Analysis & Elaboration was successful. 0 errors, 5 warnings
    Info: Peak virtual memory: 4777 megabytes
    Info: Processing ended: Tue Aug 22 19:25:54 2023
    Info: Elapsed time: 00:00:07
    Info: Total CPU time (on all processors): 00:00:11


