Analysis & Synthesis report for vgaController
Wed Apr 10 13:33:53 2024
Quartus Prime Version 22.1std.0 Build 915 10/25/2022 SC Lite Edition


---------------------
; Table of Contents ;
---------------------
  1. Legal Notice
  2. Analysis & Synthesis Summary
  3. Analysis & Synthesis Settings
  4. Parallel Compilation
  5. Analysis & Synthesis Source Files Read
  6. Analysis & Synthesis Resource Usage Summary
  7. Analysis & Synthesis Resource Utilization by Entity
  8. General Register Statistics
  9. Parameter Settings for User Entity Instance: vgaController:vgaCont
 10. Parameter Settings for User Entity Instance: videoGen:vgavideoGen
 11. Parameter Settings for Inferred Entity Instance: videoGen:vgavideoGen|lpm_divide:Div0
 12. Parameter Settings for Inferred Entity Instance: videoGen:vgavideoGen|lpm_divide:Div1
 13. Post-Synthesis Netlist Statistics for Top Partition
 14. Elapsed Time Per Partition
 15. Analysis & Synthesis Messages



----------------
; Legal Notice ;
----------------
Copyright (C) 2022  Intel Corporation. All rights reserved.
Your use of Intel Corporation's design tools, logic functions 
and other software and tools, and any partner logic 
functions, and any output files from any of the foregoing 
(including device programming or simulation files), and any 
associated documentation or information are expressly subject 
to the terms and conditions of the Intel Program License 
Subscription Agreement, the Intel Quartus Prime License Agreement,
the Intel FPGA IP License Agreement, or other applicable license
agreement, including, without limitation, that your use is for
the sole purpose of programming logic devices manufactured by
Intel and sold by Intel or its authorized distributors.  Please
refer to the applicable agreement for further details, at
https://fpgasoftware.intel.com/eula.



+----------------------------------------------------------------------------------+
; Analysis & Synthesis Summary                                                     ;
+---------------------------------+------------------------------------------------+
; Analysis & Synthesis Status     ; Successful - Wed Apr 10 13:33:53 2024          ;
; Quartus Prime Version           ; 22.1std.0 Build 915 10/25/2022 SC Lite Edition ;
; Revision Name                   ; vgaController                                  ;
; Top-level Entity Name           ; vga                                            ;
; Family                          ; Cyclone V                                      ;
; Logic utilization (in ALMs)     ; N/A                                            ;
; Total registers                 ; 21                                             ;
; Total pins                      ; 30                                             ;
; Total virtual pins              ; 0                                              ;
; Total block memory bits         ; 0                                              ;
; Total DSP Blocks                ; 0                                              ;
; Total HSSI RX PCSs              ; 0                                              ;
; Total HSSI PMA RX Deserializers ; 0                                              ;
; Total HSSI TX PCSs              ; 0                                              ;
; Total HSSI PMA TX Serializers   ; 0                                              ;
; Total PLLs                      ; 0                                              ;
; Total DLLs                      ; 0                                              ;
+---------------------------------+------------------------------------------------+


+---------------------------------------------------------------------------------------------------------------------------+
; Analysis & Synthesis Settings                                                                                             ;
+---------------------------------------------------------------------------------+--------------------+--------------------+
; Option                                                                          ; Setting            ; Default Value      ;
+---------------------------------------------------------------------------------+--------------------+--------------------+
; Device                                                                          ; 5CSEMA5F31C6       ;                    ;
; Top-level entity name                                                           ; vga                ; vgaController      ;
; Family name                                                                     ; Cyclone V          ; Cyclone V          ;
; Use smart compilation                                                           ; Off                ; Off                ;
; Enable parallel Assembler and Timing Analyzer during compilation                ; On                 ; On                 ;
; Enable compact report table                                                     ; Off                ; Off                ;
; Restructure Multiplexers                                                        ; Auto               ; Auto               ;
; MLAB Add Timing Constraints For Mixed-Port Feed-Through Mode Setting Don't Care ; Off                ; Off                ;
; Create Debugging Nodes for IP Cores                                             ; Off                ; Off                ;
; Preserve fewer node names                                                       ; On                 ; On                 ;
; Intel FPGA IP Evaluation Mode                                                   ; Enable             ; Enable             ;
; Verilog Version                                                                 ; Verilog_2001       ; Verilog_2001       ;
; VHDL Version                                                                    ; VHDL_1993          ; VHDL_1993          ;
; State Machine Processing                                                        ; Auto               ; Auto               ;
; Safe State Machine                                                              ; Off                ; Off                ;
; Extract Verilog State Machines                                                  ; On                 ; On                 ;
; Extract VHDL State Machines                                                     ; On                 ; On                 ;
; Ignore Verilog initial constructs                                               ; Off                ; Off                ;
; Iteration limit for constant Verilog loops                                      ; 5000               ; 5000               ;
; Iteration limit for non-constant Verilog loops                                  ; 250                ; 250                ;
; Add Pass-Through Logic to Inferred RAMs                                         ; On                 ; On                 ;
; Infer RAMs from Raw Logic                                                       ; On                 ; On                 ;
; Parallel Synthesis                                                              ; On                 ; On                 ;
; DSP Block Balancing                                                             ; Auto               ; Auto               ;
; NOT Gate Push-Back                                                              ; On                 ; On                 ;
; Power-Up Don't Care                                                             ; On                 ; On                 ;
; Remove Redundant Logic Cells                                                    ; Off                ; Off                ;
; Remove Duplicate Registers                                                      ; On                 ; On                 ;
; Ignore CARRY Buffers                                                            ; Off                ; Off                ;
; Ignore CASCADE Buffers                                                          ; Off                ; Off                ;
; Ignore GLOBAL Buffers                                                           ; Off                ; Off                ;
; Ignore ROW GLOBAL Buffers                                                       ; Off                ; Off                ;
; Ignore LCELL Buffers                                                            ; Off                ; Off                ;
; Ignore SOFT Buffers                                                             ; On                 ; On                 ;
; Limit AHDL Integers to 32 Bits                                                  ; Off                ; Off                ;
; Optimization Technique                                                          ; Balanced           ; Balanced           ;
; Carry Chain Length                                                              ; 70                 ; 70                 ;
; Auto Carry Chains                                                               ; On                 ; On                 ;
; Auto Open-Drain Pins                                                            ; On                 ; On                 ;
; Perform WYSIWYG Primitive Resynthesis                                           ; Off                ; Off                ;
; Auto ROM Replacement                                                            ; On                 ; On                 ;
; Auto RAM Replacement                                                            ; On                 ; On                 ;
; Auto DSP Block Replacement                                                      ; On                 ; On                 ;
; Auto Shift Register Replacement                                                 ; Auto               ; Auto               ;
; Allow Shift Register Merging across Hierarchies                                 ; Auto               ; Auto               ;
; Auto Clock Enable Replacement                                                   ; On                 ; On                 ;
; Strict RAM Replacement                                                          ; Off                ; Off                ;
; Allow Synchronous Control Signals                                               ; On                 ; On                 ;
; Force Use of Synchronous Clear Signals                                          ; Off                ; Off                ;
; Auto Resource Sharing                                                           ; Off                ; Off                ;
; Allow Any RAM Size For Recognition                                              ; Off                ; Off                ;
; Allow Any ROM Size For Recognition                                              ; Off                ; Off                ;
; Allow Any Shift Register Size For Recognition                                   ; Off                ; Off                ;
; Use LogicLock Constraints during Resource Balancing                             ; On                 ; On                 ;
; Ignore translate_off and synthesis_off directives                               ; Off                ; Off                ;
; Timing-Driven Synthesis                                                         ; On                 ; On                 ;
; Report Parameter Settings                                                       ; On                 ; On                 ;
; Report Source Assignments                                                       ; On                 ; On                 ;
; Report Connectivity Checks                                                      ; On                 ; On                 ;
; Ignore Maximum Fan-Out Assignments                                              ; Off                ; Off                ;
; Synchronization Register Chain Length                                           ; 3                  ; 3                  ;
; Power Optimization During Synthesis                                             ; Normal compilation ; Normal compilation ;
; HDL message level                                                               ; Level2             ; Level2             ;
; Suppress Register Optimization Related Messages                                 ; Off                ; Off                ;
; Number of Removed Registers Reported in Synthesis Report                        ; 5000               ; 5000               ;
; Number of Swept Nodes Reported in Synthesis Report                              ; 5000               ; 5000               ;
; Number of Inverted Registers Reported in Synthesis Report                       ; 100                ; 100                ;
; Clock MUX Protection                                                            ; On                 ; On                 ;
; Auto Gated Clock Conversion                                                     ; Off                ; Off                ;
; Block Design Naming                                                             ; Auto               ; Auto               ;
; SDC constraint protection                                                       ; Off                ; Off                ;
; Synthesis Effort                                                                ; Auto               ; Auto               ;
; Shift Register Replacement - Allow Asynchronous Clear Signal                    ; On                 ; On                 ;
; Pre-Mapping Resynthesis Optimization                                            ; Off                ; Off                ;
; Analysis & Synthesis Message Level                                              ; Medium             ; Medium             ;
; Disable Register Merging Across Hierarchies                                     ; Auto               ; Auto               ;
; Resource Aware Inference For Block RAM                                          ; On                 ; On                 ;
; Automatic Parallel Synthesis                                                    ; On                 ; On                 ;
; Partial Reconfiguration Bitstream ID                                            ; Off                ; Off                ;
+---------------------------------------------------------------------------------+--------------------+--------------------+


+------------------------------------------+
; Parallel Compilation                     ;
+----------------------------+-------------+
; Processors                 ; Number      ;
+----------------------------+-------------+
; Number detected on machine ; 8           ;
; Maximum allowed            ; 4           ;
;                            ;             ;
; Average used               ; 1.00        ;
; Maximum used               ; 4           ;
;                            ;             ;
; Usage by Processor         ; % Time Used ;
;     Processor 1            ; 100.0%      ;
;     Processors 2-4         ;   0.0%      ;
+----------------------------+-------------+


+-------------------------------------------------------------------------------------------------------------------------------------------------------------------------------------------------------------------------------------------------------------+
; Analysis & Synthesis Source Files Read                                                                                                                                                                                                                      ;
+----------------------------------+-----------------+------------------------------+---------------------------------------------------------------------------------------------------------------------------------------------------------------+---------+
; File Name with User-Entered Path ; Used in Netlist ; File Type                    ; File Name with Absolute Path                                                                                                                                  ; Library ;
+----------------------------------+-----------------+------------------------------+---------------------------------------------------------------------------------------------------------------------------------------------------------------+---------+
; vga.sv                           ; yes             ; User SystemVerilog HDL File  ; C:/Users/Usuario/Documents/jVargas_kZheng_jEspinoza_digital_design_lab_2024/Lab 3 - Sequential Logic and Controllers/VgaController/vga.sv                     ;         ;
; vgaController.sv                 ; yes             ; User SystemVerilog HDL File  ; C:/Users/Usuario/Documents/jVargas_kZheng_jEspinoza_digital_design_lab_2024/Lab 3 - Sequential Logic and Controllers/VgaController/vgaController.sv           ;         ;
; videoGen.sv                      ; yes             ; User SystemVerilog HDL File  ; C:/Users/Usuario/Documents/jVargas_kZheng_jEspinoza_digital_design_lab_2024/Lab 3 - Sequential Logic and Controllers/VgaController/videoGen.sv                ;         ;
; pll.sv                           ; yes             ; User SystemVerilog HDL File  ; C:/Users/Usuario/Documents/jVargas_kZheng_jEspinoza_digital_design_lab_2024/Lab 3 - Sequential Logic and Controllers/VgaController/pll.sv                     ;         ;
; lpm_divide.tdf                   ; yes             ; Megafunction                 ; c:/intelfpga_lite/22.1std/quartus/libraries/megafunctions/lpm_divide.tdf                                                                                      ;         ;
; abs_divider.inc                  ; yes             ; Megafunction                 ; c:/intelfpga_lite/22.1std/quartus/libraries/megafunctions/abs_divider.inc                                                                                     ;         ;
; sign_div_unsign.inc              ; yes             ; Megafunction                 ; c:/intelfpga_lite/22.1std/quartus/libraries/megafunctions/sign_div_unsign.inc                                                                                 ;         ;
; aglobal221.inc                   ; yes             ; Megafunction                 ; c:/intelfpga_lite/22.1std/quartus/libraries/megafunctions/aglobal221.inc                                                                                      ;         ;
; db/lpm_divide_kbm.tdf            ; yes             ; Auto-Generated Megafunction  ; C:/Users/Usuario/Documents/jVargas_kZheng_jEspinoza_digital_design_lab_2024/Lab 3 - Sequential Logic and Controllers/VgaController/db/lpm_divide_kbm.tdf      ;         ;
; db/sign_div_unsign_qlh.tdf       ; yes             ; Auto-Generated Megafunction  ; C:/Users/Usuario/Documents/jVargas_kZheng_jEspinoza_digital_design_lab_2024/Lab 3 - Sequential Logic and Controllers/VgaController/db/sign_div_unsign_qlh.tdf ;         ;
; db/alt_u_div_qve.tdf             ; yes             ; Auto-Generated Megafunction  ; C:/Users/Usuario/Documents/jVargas_kZheng_jEspinoza_digital_design_lab_2024/Lab 3 - Sequential Logic and Controllers/VgaController/db/alt_u_div_qve.tdf       ;         ;
+----------------------------------+-----------------+------------------------------+---------------------------------------------------------------------------------------------------------------------------------------------------------------+---------+


+-----------------------------------------------------------------+
; Analysis & Synthesis Resource Usage Summary                     ;
+---------------------------------------------+-------------------+
; Resource                                    ; Usage             ;
+---------------------------------------------+-------------------+
; Estimate of Logic utilization (ALMs needed) ; 288               ;
;                                             ;                   ;
; Combinational ALUT usage for logic          ; 547               ;
;     -- 7 input functions                    ; 0                 ;
;     -- 6 input functions                    ; 29                ;
;     -- 5 input functions                    ; 35                ;
;     -- 4 input functions                    ; 55                ;
;     -- <=3 input functions                  ; 428               ;
;                                             ;                   ;
; Dedicated logic registers                   ; 21                ;
;                                             ;                   ;
; I/O pins                                    ; 30                ;
;                                             ;                   ;
; Total DSP Blocks                            ; 0                 ;
;                                             ;                   ;
; Maximum fan-out node                        ; pll:vgapll|toggle ;
; Maximum fan-out                             ; 22                ;
; Total fan-out                               ; 1643              ;
; Average fan-out                             ; 2.62              ;
+---------------------------------------------+-------------------+


+---------------------------------------------------------------------------------------------------------------------------------------------------------------------------------------------------------------------------------------------------------------------------------------------------------------------+
; Analysis & Synthesis Resource Utilization by Entity                                                                                                                                                                                                                                                                 ;
+-------------------------------------------+---------------------+---------------------------+-------------------+------------+------+--------------+---------------------------------------------------------------------------------------------------------------------------+---------------------+--------------+
; Compilation Hierarchy Node                ; Combinational ALUTs ; Dedicated Logic Registers ; Block Memory Bits ; DSP Blocks ; Pins ; Virtual Pins ; Full Hierarchy Name                                                                                                       ; Entity Name         ; Library Name ;
+-------------------------------------------+---------------------+---------------------------+-------------------+------------+------+--------------+---------------------------------------------------------------------------------------------------------------------------+---------------------+--------------+
; |vga                                      ; 547 (0)             ; 21 (0)                    ; 0                 ; 0          ; 30   ; 0            ; |vga                                                                                                                      ; vga                 ; work         ;
;    |pll:vgapll|                           ; 1 (1)               ; 1 (1)                     ; 0                 ; 0          ; 0    ; 0            ; |vga|pll:vgapll                                                                                                           ; pll                 ; work         ;
;    |vgaController:vgaCont|                ; 29 (29)             ; 20 (20)                   ; 0                 ; 0          ; 0    ; 0            ; |vga|vgaController:vgaCont                                                                                                ; vgaController       ; work         ;
;    |videoGen:vgavideoGen|                 ; 517 (261)           ; 0 (0)                     ; 0                 ; 0          ; 0    ; 0            ; |vga|videoGen:vgavideoGen                                                                                                 ; videoGen            ; work         ;
;       |lpm_divide:Div0|                   ; 128 (0)             ; 0 (0)                     ; 0                 ; 0          ; 0    ; 0            ; |vga|videoGen:vgavideoGen|lpm_divide:Div0                                                                                 ; lpm_divide          ; work         ;
;          |lpm_divide_kbm:auto_generated|  ; 128 (0)             ; 0 (0)                     ; 0                 ; 0          ; 0    ; 0            ; |vga|videoGen:vgavideoGen|lpm_divide:Div0|lpm_divide_kbm:auto_generated                                                   ; lpm_divide_kbm      ; work         ;
;             |sign_div_unsign_qlh:divider| ; 128 (0)             ; 0 (0)                     ; 0                 ; 0          ; 0    ; 0            ; |vga|videoGen:vgavideoGen|lpm_divide:Div0|lpm_divide_kbm:auto_generated|sign_div_unsign_qlh:divider                       ; sign_div_unsign_qlh ; work         ;
;                |alt_u_div_qve:divider|    ; 128 (128)           ; 0 (0)                     ; 0                 ; 0          ; 0    ; 0            ; |vga|videoGen:vgavideoGen|lpm_divide:Div0|lpm_divide_kbm:auto_generated|sign_div_unsign_qlh:divider|alt_u_div_qve:divider ; alt_u_div_qve       ; work         ;
;       |lpm_divide:Div1|                   ; 128 (0)             ; 0 (0)                     ; 0                 ; 0          ; 0    ; 0            ; |vga|videoGen:vgavideoGen|lpm_divide:Div1                                                                                 ; lpm_divide          ; work         ;
;          |lpm_divide_kbm:auto_generated|  ; 128 (0)             ; 0 (0)                     ; 0                 ; 0          ; 0    ; 0            ; |vga|videoGen:vgavideoGen|lpm_divide:Div1|lpm_divide_kbm:auto_generated                                                   ; lpm_divide_kbm      ; work         ;
;             |sign_div_unsign_qlh:divider| ; 128 (0)             ; 0 (0)                     ; 0                 ; 0          ; 0    ; 0            ; |vga|videoGen:vgavideoGen|lpm_divide:Div1|lpm_divide_kbm:auto_generated|sign_div_unsign_qlh:divider                       ; sign_div_unsign_qlh ; work         ;
;                |alt_u_div_qve:divider|    ; 128 (128)           ; 0 (0)                     ; 0                 ; 0          ; 0    ; 0            ; |vga|videoGen:vgavideoGen|lpm_divide:Div1|lpm_divide_kbm:auto_generated|sign_div_unsign_qlh:divider|alt_u_div_qve:divider ; alt_u_div_qve       ; work         ;
+-------------------------------------------+---------------------+---------------------------+-------------------+------------+------+--------------+---------------------------------------------------------------------------------------------------------------------------+---------------------+--------------+
Note: For table entries with two numbers listed, the numbers in parentheses indicate the number of resources of the given type used by the specific entity alone. The numbers listed outside of parentheses indicate the total resources of the given type used by the specific entity and all of its sub-entities in the hierarchy.


+------------------------------------------------------+
; General Register Statistics                          ;
+----------------------------------------------+-------+
; Statistic                                    ; Value ;
+----------------------------------------------+-------+
; Total registers                              ; 21    ;
; Number of registers using Synchronous Clear  ; 20    ;
; Number of registers using Synchronous Load   ; 0     ;
; Number of registers using Asynchronous Clear ; 0     ;
; Number of registers using Asynchronous Load  ; 0     ;
; Number of registers using Clock Enable       ; 10    ;
; Number of registers using Preset             ; 0     ;
+----------------------------------------------+-------+


+--------------------------------------------------------------------+
; Parameter Settings for User Entity Instance: vgaController:vgaCont ;
+----------------+------------+--------------------------------------+
; Parameter Name ; Value      ; Type                                 ;
+----------------+------------+--------------------------------------+
; HACTIVE        ; 1010000000 ; Unsigned Binary                      ;
; HFP            ; 0000010000 ; Unsigned Binary                      ;
; HSYN           ; 0001100000 ; Unsigned Binary                      ;
; HBP            ; 0000110000 ; Unsigned Binary                      ;
; HMAX           ; 1100100000 ; Unsigned Binary                      ;
; VBP            ; 0000100001 ; Unsigned Binary                      ;
; VACTIVE        ; 0111100000 ; Unsigned Binary                      ;
; VFP            ; 0000001010 ; Unsigned Binary                      ;
; VSYN           ; 0000000010 ; Unsigned Binary                      ;
; VMAX           ; 1000001101 ; Unsigned Binary                      ;
+----------------+------------+--------------------------------------+
Note: In order to hide this table in the UI and the text report file, please set the "Show Parameter Settings in Synthesis Report" option in "Analysis and Synthesis Settings -> More Settings" to "Off".


+-------------------------------------------------------------------+
; Parameter Settings for User Entity Instance: videoGen:vgavideoGen ;
+----------------+------------+-------------------------------------+
; Parameter Name ; Value      ; Type                                ;
+----------------+------------+-------------------------------------+
; size           ; 0000111000 ; Unsigned Binary                     ;
; frame          ; 0000000100 ; Unsigned Binary                     ;
; size_secondary ; 0000011100 ; Unsigned Binary                     ;
+----------------+------------+-------------------------------------+
Note: In order to hide this table in the UI and the text report file, please set the "Show Parameter Settings in Synthesis Report" option in "Analysis and Synthesis Settings -> More Settings" to "Off".


+---------------------------------------------------------------------------------------+
; Parameter Settings for Inferred Entity Instance: videoGen:vgavideoGen|lpm_divide:Div0 ;
+------------------------+----------------+---------------------------------------------+
; Parameter Name         ; Value          ; Type                                        ;
+------------------------+----------------+---------------------------------------------+
; LPM_WIDTHN             ; 32             ; Untyped                                     ;
; LPM_WIDTHD             ; 6              ; Untyped                                     ;
; LPM_NREPRESENTATION    ; UNSIGNED       ; Untyped                                     ;
; LPM_DREPRESENTATION    ; UNSIGNED       ; Untyped                                     ;
; LPM_PIPELINE           ; 0              ; Untyped                                     ;
; LPM_REMAINDERPOSITIVE  ; TRUE           ; Untyped                                     ;
; MAXIMIZE_SPEED         ; 5              ; Untyped                                     ;
; CBXI_PARAMETER         ; lpm_divide_kbm ; Untyped                                     ;
; CARRY_CHAIN            ; MANUAL         ; Untyped                                     ;
; OPTIMIZE_FOR_SPEED     ; 5              ; Untyped                                     ;
; AUTO_CARRY_CHAINS      ; ON             ; AUTO_CARRY                                  ;
; IGNORE_CARRY_BUFFERS   ; OFF            ; IGNORE_CARRY                                ;
; AUTO_CASCADE_CHAINS    ; ON             ; AUTO_CASCADE                                ;
; IGNORE_CASCADE_BUFFERS ; OFF            ; IGNORE_CASCADE                              ;
+------------------------+----------------+---------------------------------------------+
Note: In order to hide this table in the UI and the text report file, please set the "Show Parameter Settings in Synthesis Report" option in "Analysis and Synthesis Settings -> More Settings" to "Off".


+---------------------------------------------------------------------------------------+
; Parameter Settings for Inferred Entity Instance: videoGen:vgavideoGen|lpm_divide:Div1 ;
+------------------------+----------------+---------------------------------------------+
; Parameter Name         ; Value          ; Type                                        ;
+------------------------+----------------+---------------------------------------------+
; LPM_WIDTHN             ; 32             ; Untyped                                     ;
; LPM_WIDTHD             ; 6              ; Untyped                                     ;
; LPM_NREPRESENTATION    ; UNSIGNED       ; Untyped                                     ;
; LPM_DREPRESENTATION    ; UNSIGNED       ; Untyped                                     ;
; LPM_PIPELINE           ; 0              ; Untyped                                     ;
; LPM_REMAINDERPOSITIVE  ; TRUE           ; Untyped                                     ;
; MAXIMIZE_SPEED         ; 5              ; Untyped                                     ;
; CBXI_PARAMETER         ; lpm_divide_kbm ; Untyped                                     ;
; CARRY_CHAIN            ; MANUAL         ; Untyped                                     ;
; OPTIMIZE_FOR_SPEED     ; 5              ; Untyped                                     ;
; AUTO_CARRY_CHAINS      ; ON             ; AUTO_CARRY                                  ;
; IGNORE_CARRY_BUFFERS   ; OFF            ; IGNORE_CARRY                                ;
; AUTO_CASCADE_CHAINS    ; ON             ; AUTO_CASCADE                                ;
; IGNORE_CASCADE_BUFFERS ; OFF            ; IGNORE_CASCADE                              ;
+------------------------+----------------+---------------------------------------------+
Note: In order to hide this table in the UI and the text report file, please set the "Show Parameter Settings in Synthesis Report" option in "Analysis and Synthesis Settings -> More Settings" to "Off".


+-----------------------------------------------------+
; Post-Synthesis Netlist Statistics for Top Partition ;
+-----------------------+-----------------------------+
; Type                  ; Count                       ;
+-----------------------+-----------------------------+
; arriav_ff             ; 21                          ;
;     ENA SCLR          ; 10                          ;
;     SCLR              ; 10                          ;
;     plain             ; 1                           ;
; arriav_lcell_comb     ; 549                         ;
;     arith             ; 279                         ;
;         0 data inputs ; 36                          ;
;         1 data inputs ; 145                         ;
;         2 data inputs ; 8                           ;
;         3 data inputs ; 62                          ;
;         4 data inputs ; 28                          ;
;     normal            ; 194                         ;
;         0 data inputs ; 1                           ;
;         1 data inputs ; 2                           ;
;         2 data inputs ; 67                          ;
;         3 data inputs ; 33                          ;
;         4 data inputs ; 27                          ;
;         5 data inputs ; 35                          ;
;         6 data inputs ; 29                          ;
;     shared            ; 76                          ;
;         0 data inputs ; 41                          ;
;         1 data inputs ; 23                          ;
;         2 data inputs ; 12                          ;
; boundary_port         ; 30                          ;
;                       ;                             ;
; Max LUT depth         ; 23.70                       ;
; Average LUT depth     ; 18.65                       ;
+-----------------------+-----------------------------+


+-------------------------------+
; Elapsed Time Per Partition    ;
+----------------+--------------+
; Partition Name ; Elapsed Time ;
+----------------+--------------+
; Top            ; 00:00:01     ;
+----------------+--------------+


+-------------------------------+
; Analysis & Synthesis Messages ;
+-------------------------------+
Info: *******************************************************************
Info: Running Quartus Prime Analysis & Synthesis
    Info: Version 22.1std.0 Build 915 10/25/2022 SC Lite Edition
    Info: Processing started: Wed Apr 10 13:33:37 2024
Info: Command: quartus_map --read_settings_files=on --write_settings_files=off vgaController -c vgaController
Warning (18236): Number of processors has not been specified which may cause overloading on shared machines.  Set the global assignment NUM_PARALLEL_PROCESSORS in your QSF to an appropriate value for best performance.
Info (20030): Parallel compilation is enabled and will use 4 of the 4 processors detected
Info (12021): Found 1 design units, including 1 entities, in source file vga.sv
    Info (12023): Found entity 1: vga File: C:/Users/Usuario/Documents/jVargas_kZheng_jEspinoza_digital_design_lab_2024/Lab 3 - Sequential Logic and Controllers/VgaController/vga.sv Line: 1
Info (12021): Found 1 design units, including 1 entities, in source file vgacontroller.sv
    Info (12023): Found entity 1: vgaController File: C:/Users/Usuario/Documents/jVargas_kZheng_jEspinoza_digital_design_lab_2024/Lab 3 - Sequential Logic and Controllers/VgaController/vgaController.sv Line: 1
Info (12021): Found 1 design units, including 1 entities, in source file videogen.sv
    Info (12023): Found entity 1: videoGen File: C:/Users/Usuario/Documents/jVargas_kZheng_jEspinoza_digital_design_lab_2024/Lab 3 - Sequential Logic and Controllers/VgaController/videoGen.sv Line: 1
Info (12021): Found 0 design units, including 0 entities, in source file rectgen.sv
Info (12021): Found 1 design units, including 1 entities, in source file pll.sv
    Info (12023): Found entity 1: pll File: C:/Users/Usuario/Documents/jVargas_kZheng_jEspinoza_digital_design_lab_2024/Lab 3 - Sequential Logic and Controllers/VgaController/pll.sv Line: 1
Info (12127): Elaborating entity "vga" for the top level hierarchy
Info (12128): Elaborating entity "pll" for hierarchy "pll:vgapll" File: C:/Users/Usuario/Documents/jVargas_kZheng_jEspinoza_digital_design_lab_2024/Lab 3 - Sequential Logic and Controllers/VgaController/vga.sv Line: 12
Info (12128): Elaborating entity "vgaController" for hierarchy "vgaController:vgaCont" File: C:/Users/Usuario/Documents/jVargas_kZheng_jEspinoza_digital_design_lab_2024/Lab 3 - Sequential Logic and Controllers/VgaController/vga.sv Line: 22
Info (12128): Elaborating entity "videoGen" for hierarchy "videoGen:vgavideoGen" File: C:/Users/Usuario/Documents/jVargas_kZheng_jEspinoza_digital_design_lab_2024/Lab 3 - Sequential Logic and Controllers/VgaController/vga.sv Line: 30
Info (278001): Inferred 2 megafunctions from design logic
    Info (278004): Inferred divider/modulo megafunction ("lpm_divide") from the following logic: "videoGen:vgavideoGen|Div0" File: C:/Users/Usuario/Documents/jVargas_kZheng_jEspinoza_digital_design_lab_2024/Lab 3 - Sequential Logic and Controllers/VgaController/videoGen.sv Line: 16
    Info (278004): Inferred divider/modulo megafunction ("lpm_divide") from the following logic: "videoGen:vgavideoGen|Div1" File: C:/Users/Usuario/Documents/jVargas_kZheng_jEspinoza_digital_design_lab_2024/Lab 3 - Sequential Logic and Controllers/VgaController/videoGen.sv Line: 17
Info (12130): Elaborated megafunction instantiation "videoGen:vgavideoGen|lpm_divide:Div0" File: C:/Users/Usuario/Documents/jVargas_kZheng_jEspinoza_digital_design_lab_2024/Lab 3 - Sequential Logic and Controllers/VgaController/videoGen.sv Line: 16
Info (12133): Instantiated megafunction "videoGen:vgavideoGen|lpm_divide:Div0" with the following parameter: File: C:/Users/Usuario/Documents/jVargas_kZheng_jEspinoza_digital_design_lab_2024/Lab 3 - Sequential Logic and Controllers/VgaController/videoGen.sv Line: 16
    Info (12134): Parameter "LPM_WIDTHN" = "32"
    Info (12134): Parameter "LPM_WIDTHD" = "6"
    Info (12134): Parameter "LPM_NREPRESENTATION" = "UNSIGNED"
    Info (12134): Parameter "LPM_DREPRESENTATION" = "UNSIGNED"
Info (12021): Found 1 design units, including 1 entities, in source file db/lpm_divide_kbm.tdf
    Info (12023): Found entity 1: lpm_divide_kbm File: C:/Users/Usuario/Documents/jVargas_kZheng_jEspinoza_digital_design_lab_2024/Lab 3 - Sequential Logic and Controllers/VgaController/db/lpm_divide_kbm.tdf Line: 25
Info (12021): Found 1 design units, including 1 entities, in source file db/sign_div_unsign_qlh.tdf
    Info (12023): Found entity 1: sign_div_unsign_qlh File: C:/Users/Usuario/Documents/jVargas_kZheng_jEspinoza_digital_design_lab_2024/Lab 3 - Sequential Logic and Controllers/VgaController/db/sign_div_unsign_qlh.tdf Line: 25
Info (12021): Found 1 design units, including 1 entities, in source file db/alt_u_div_qve.tdf
    Info (12023): Found entity 1: alt_u_div_qve File: C:/Users/Usuario/Documents/jVargas_kZheng_jEspinoza_digital_design_lab_2024/Lab 3 - Sequential Logic and Controllers/VgaController/db/alt_u_div_qve.tdf Line: 23
Warning (13024): Output pins are stuck at VCC or GND
    Warning (13410): Pin "g[0]" is stuck at GND File: C:/Users/Usuario/Documents/jVargas_kZheng_jEspinoza_digital_design_lab_2024/Lab 3 - Sequential Logic and Controllers/VgaController/vga.sv Line: 6
    Warning (13410): Pin "g[1]" is stuck at GND File: C:/Users/Usuario/Documents/jVargas_kZheng_jEspinoza_digital_design_lab_2024/Lab 3 - Sequential Logic and Controllers/VgaController/vga.sv Line: 6
    Warning (13410): Pin "g[2]" is stuck at GND File: C:/Users/Usuario/Documents/jVargas_kZheng_jEspinoza_digital_design_lab_2024/Lab 3 - Sequential Logic and Controllers/VgaController/vga.sv Line: 6
    Warning (13410): Pin "g[3]" is stuck at GND File: C:/Users/Usuario/Documents/jVargas_kZheng_jEspinoza_digital_design_lab_2024/Lab 3 - Sequential Logic and Controllers/VgaController/vga.sv Line: 6
    Warning (13410): Pin "g[4]" is stuck at GND File: C:/Users/Usuario/Documents/jVargas_kZheng_jEspinoza_digital_design_lab_2024/Lab 3 - Sequential Logic and Controllers/VgaController/vga.sv Line: 6
    Warning (13410): Pin "g[5]" is stuck at GND File: C:/Users/Usuario/Documents/jVargas_kZheng_jEspinoza_digital_design_lab_2024/Lab 3 - Sequential Logic and Controllers/VgaController/vga.sv Line: 6
    Warning (13410): Pin "g[6]" is stuck at GND File: C:/Users/Usuario/Documents/jVargas_kZheng_jEspinoza_digital_design_lab_2024/Lab 3 - Sequential Logic and Controllers/VgaController/vga.sv Line: 6
    Warning (13410): Pin "g[7]" is stuck at GND File: C:/Users/Usuario/Documents/jVargas_kZheng_jEspinoza_digital_design_lab_2024/Lab 3 - Sequential Logic and Controllers/VgaController/vga.sv Line: 6
Info (286030): Timing-Driven Synthesis is running
Info (16010): Generating hard_block partition "hard_block:auto_generated_inst"
    Info (16011): Adding 0 node(s), including 0 DDIO, 0 PLL, 0 transceiver and 0 LCELL
Info (21057): Implemented 597 device resources after synthesis - the final resource count might be different
    Info (21058): Implemented 1 input pins
    Info (21059): Implemented 29 output pins
    Info (21061): Implemented 567 logic cells
Info: Quartus Prime Analysis & Synthesis was successful. 0 errors, 10 warnings
    Info: Peak virtual memory: 4847 megabytes
    Info: Processing ended: Wed Apr 10 13:33:53 2024
    Info: Elapsed time: 00:00:16
    Info: Total CPU time (on all processors): 00:00:42


